This is e-pTeX, Version 3.14159265-p3.7.1-161114-2.6 (utf8.sjis) (TeX Live 2017/W32TeX) (preloaded format=platex 2017.7.9)  10 JUL 2017 02:29
entering extended mode
 restricted \write18 enabled.
 %&-line parsing enabled.
**./title.tex
(./title.tex
pLaTeX2e <2017/05/05> (based on LaTeX2e <2017-04-15>)
Babel <3.12> and hyphenation patterns for 84 language(s) loaded.

! LaTeX Error: \usepackage before \documentclass.

See the LaTeX manual or LaTeX Companion for explanation.
Type  H <return>  for immediate help.
 ...                                              
                                                  
l.1 \usepackage{
                texilikecover}
? 
! Emergency stop.
 ...                                              
                                                  
l.1 \usepackage{
                texilikecover}
\usepackage may only appear in the document preamble, i.e.,
between \documentclass and \begin{document}.

 
Here is how much of TeX's memory you used:
 4 strings out of 493648
 173 string characters out of 6151828
 54690 words of memory out of 5000000
 3695 multiletter control sequences out of 15000+600000
 7511 words of font info for 31 fonts, out of 8000000 for 9000
 929 hyphenation exceptions out of 8191
 5i,0n,5p,40b,14s stack positions out of 5000i,500n,10000p,200000b,80000s
No pages of output.
